# JRE version: Java(TM) SE Runtime Environment 18.9 (11.0.12+8) (build 11.0.12+8-LTS-237)
# Java VM: Java HotSpot(TM) 64-Bit Server VM 18.9 (11.0.12+8-LTS-237, mixed mode, tiered, compressed oops, g1 gc, windows-amd64)
Heap:
 garbage-first heap   total 873472K, used 158985K [0x0000000080000000, 0x0000000100000000)
  region size 1024K, 18 young (18432K), 18 survivors (18432K)
 Metaspace       used 115989K, capacity 119376K, committed 119500K, reserved 1153024K
  class space    used 14714K, capacity 15999K, committed 16076K, reserved 1048576K
GC Heap History (10 events):
Event: 48.519 GC heap after
{Heap after GC invocations=48 (full 0):
 garbage-first heap   total 402432K, used 147159K [0x0000000080000000, 0x0000000100000000)
  region size 1024K, 7 young (7168K), 7 survivors (7168K)
 Metaspace       used 115886K, capacity 119273K, committed 119500K, reserved 1153024K
  class space    used 14710K, capacity 15992K, committed 16076K, reserved 1048576K
}
Event: 49.742 GC heap before
{Heap before GC invocations=48 (full 0):
 garbage-first heap   total 402432K, used 344791K [0x0000000080000000, 0x0000000100000000)
  region size 1024K, 200 young (204800K), 7 survivors (7168K)
 Metaspace       used 115889K, capacity 119273K, committed 119500K, reserved 1153024K
  class space    used 14710K, capacity 15992K, committed 16076K, reserved 1048576K
}
Event: 49.776 GC heap after
{Heap after GC invocations=49 (full 0):
 garbage-first heap   total 502784K, used 148402K [0x0000000080000000, 0x0000000100000000)
  region size 1024K, 8 young (8192K), 8 survivors (8192K)
 Metaspace       used 115889K, capacity 119273K, committed 119500K, reserved 1153024K
  class space    used 14710K, capacity 15992K, committed 16076K, reserved 1048576K
}
Event: 51.104 GC heap before
{Heap before GC invocations=49 (full 0):
 garbage-first heap   total 502784K, used 411570K [0x0000000080000000, 0x0000000100000000)
  region size 1024K, 265 young (271360K), 8 survivors (8192K)
 Metaspace       used 115918K, capacity 119289K, committed 119500K, reserved 1153024K
  class space    used 14711K, capacity 15994K, committed 16076K, reserved 1048576K
}
Event: 51.208 GC heap after
{Heap after GC invocations=50 (full 0):
 garbage-first heap   total 502784K, used 150793K [0x0000000080000000, 0x0000000100000000)
  region size 1024K, 10 young (10240K), 10 survivors (10240K)
 Metaspace       used 115918K, capacity 119289K, committed 119500K, reserved 1153024K
  class space    used 14711K, capacity 15994K, committed 16076K, reserved 1048576K
}
Event: 52.967 GC heap before
{Heap before GC invocations=50 (full 0):
 garbage-first heap   total 502784K, used 426249K [0x0000000080000000, 0x0000000100000000)
  region size 1024K, 280 young (286720K), 10 survivors (10240K)
 Metaspace       used 115925K, capacity 119290K, committed 119500K, reserved 1153024K
  class space    used 14711K, capacity 15994K, committed 16076K, reserved 1048576K
}
Event: 53.467 GC heap after
{Heap after GC invocations=51 (full 0):
 garbage-first heap   total 502784K, used 152268K [0x0000000080000000, 0x0000000100000000)
  region size 1024K, 12 young (12288K), 12 survivors (12288K)
 Metaspace       used 115925K, capacity 119290K, committed 119500K, reserved 1153024K
  class space    used 14711K, capacity 15994K, committed 16076K, reserved 1048576K
}
Event: 55.840 GC heap before
{Heap before GC invocations=51 (full 0):
 garbage-first heap   total 502784K, used 432844K [0x0000000080000000, 0x0000000100000000)
  region size 1024K, 284 young (290816K), 12 survivors (12288K)
 Metaspace       used 115964K, capacity 119374K, committed 119500K, reserved 1153024K
  class space    used 14714K, capacity 15999K, committed 16076K, reserved 1048576K
}
Event: 55.920 GC heap after
{Heap after GC invocations=52 (full 0):
 garbage-first heap   total 502784K, used 160009K [0x0000000080000000, 0x0000000100000000)
  region size 1024K, 17 young (17408K), 17 survivors (17408K)
 Metaspace       used 115964K, capacity 119374K, committed 119500K, reserved 1153024K
  class space    used 14714K, capacity 15999K, committed 16076K, reserved 1048576K
}
Event: 57.680 GC heap before
{Heap before GC invocations=52 (full 0):
 garbage-first heap   total 502784K, used 433417K [0x0000000080000000, 0x0000000100000000)
  region size 1024K, 284 young (290816K), 17 survivors (17408K)
 Metaspace       used 115989K, capacity 119376K, committed 119500K, reserved 1153024K
  class space    used 14714K, capacity 15999K, committed 16076K, reserved 1048576K
}

